c:\users\a c e r\desktop\cpt-113\ter qin\cpt 113 assignment2\x64\debug\vc143.pdb
c:\users\a c e r\desktop\cpt-113\ter qin\cpt 113 assignment2\x64\debug\vc143.idb
c:\users\a c e r\desktop\cpt-113\ter qin\cpt 113 assignment2\x64\debug\student.obj
c:\users\a c e r\desktop\cpt-113\ter qin\cpt 113 assignment2\x64\debug\cpt 113 assignment2.obj
c:\users\a c e r\desktop\cpt-113\ter qin\cpt 113 assignment2\x64\debug\linklist.obj
c:\users\a c e r\desktop\cpt-113\ter qin\cpt 113 assignment2\x64\debug\operation.obj
c:\users\a c e r\desktop\cpt-113\ter qin\x64\debug\cpt 113 assignment2.exe
c:\users\a c e r\desktop\cpt-113\ter qin\cpt 113 assignment2\x64\debug\cpt 113 assignment2.ilk
c:\users\a c e r\desktop\cpt-113\ter qin\x64\debug\cpt 113 assignment2.pdb
c:\users\a c e r\desktop\cpt-113\ter qin\cpt 113 assignment2\x64\debug\cpt 113 .b7a6127f.tlog\cl.command.1.tlog
c:\users\a c e r\desktop\cpt-113\ter qin\cpt 113 assignment2\x64\debug\cpt 113 .b7a6127f.tlog\cl.read.1.tlog
c:\users\a c e r\desktop\cpt-113\ter qin\cpt 113 assignment2\x64\debug\cpt 113 .b7a6127f.tlog\cl.write.1.tlog
c:\users\a c e r\desktop\cpt-113\ter qin\cpt 113 assignment2\x64\debug\cpt 113 .b7a6127f.tlog\link-cvtres.read.1.tlog
c:\users\a c e r\desktop\cpt-113\ter qin\cpt 113 assignment2\x64\debug\cpt 113 .b7a6127f.tlog\link-cvtres.write.1.tlog
c:\users\a c e r\desktop\cpt-113\ter qin\cpt 113 assignment2\x64\debug\cpt 113 .b7a6127f.tlog\link-rc.read.1.tlog
c:\users\a c e r\desktop\cpt-113\ter qin\cpt 113 assignment2\x64\debug\cpt 113 .b7a6127f.tlog\link-rc.write.1.tlog
c:\users\a c e r\desktop\cpt-113\ter qin\cpt 113 assignment2\x64\debug\cpt 113 .b7a6127f.tlog\link.13016-cvtres.read.1.tlog
c:\users\a c e r\desktop\cpt-113\ter qin\cpt 113 assignment2\x64\debug\cpt 113 .b7a6127f.tlog\link.13016-cvtres.write.1.tlog
c:\users\a c e r\desktop\cpt-113\ter qin\cpt 113 assignment2\x64\debug\cpt 113 .b7a6127f.tlog\link.13016-rc.read.1.tlog
c:\users\a c e r\desktop\cpt-113\ter qin\cpt 113 assignment2\x64\debug\cpt 113 .b7a6127f.tlog\link.13016-rc.write.1.tlog
c:\users\a c e r\desktop\cpt-113\ter qin\cpt 113 assignment2\x64\debug\cpt 113 .b7a6127f.tlog\link.13016.read.1.tlog
c:\users\a c e r\desktop\cpt-113\ter qin\cpt 113 assignment2\x64\debug\cpt 113 .b7a6127f.tlog\link.13016.read.2.tlog
c:\users\a c e r\desktop\cpt-113\ter qin\cpt 113 assignment2\x64\debug\cpt 113 .b7a6127f.tlog\link.13016.write.1.tlog
c:\users\a c e r\desktop\cpt-113\ter qin\cpt 113 assignment2\x64\debug\cpt 113 .b7a6127f.tlog\link.command.1.tlog
c:\users\a c e r\desktop\cpt-113\ter qin\cpt 113 assignment2\x64\debug\cpt 113 .b7a6127f.tlog\link.read.1.tlog
c:\users\a c e r\desktop\cpt-113\ter qin\cpt 113 assignment2\x64\debug\cpt 113 .b7a6127f.tlog\link.read.2.tlog
c:\users\a c e r\desktop\cpt-113\ter qin\cpt 113 assignment2\x64\debug\cpt 113 .b7a6127f.tlog\link.read.3.tlog
c:\users\a c e r\desktop\cpt-113\ter qin\cpt 113 assignment2\x64\debug\cpt 113 .b7a6127f.tlog\link.write.1.tlog
